<?xml version="1.0" encoding="UTF-8"?>
<!-- Generated by org.testng.reporters.JUnitReportReporter -->
<testsuite hostname="DESKTOP-LR8LG19" failures="0" tests="3" name="Run.TestData" time="52.750" errors="0" timestamp="23 Feb 2020 17:52:17 GMT" skipped="1">
  <testcase classname="Run.TestData" name="f" time="0.000">
    <skipped/>
  </testcase> <!-- f -->
  <testcase classname="Run.TestData" name="Login" time="26.892"/>
  <testcase classname="Run.TestData" name="ForgotAccount" time="25.858"/>
</testsuite> <!-- Run.TestData -->
